#
# There is insufficient memory for the Java Runtime Environment to continue.
# Native memory allocation (malloc) failed to allocate 1355696 bytes for Chunk::new
# Possible reasons:
#   The system is out of physical RAM or swap space
#   In 32 bit mode, the process size limit was hit
# Possible solutions:
#   Reduce memory load on the system
#   Increase physical memory or swap space
#   Check if swap backing store is full
#   Use 64 bit Java on a 64 bit OS
#   Decrease Java heap size (-Xmx/-Xms)
#   Decrease number of Java threads
#   Decrease Java thread stack sizes (-Xss)
#   Set larger code cache with -XX:ReservedCodeCacheSize=
# This output file may be truncated or incomplete.
#
#  Out of Memory Error (allocation.cpp:390), pid=39564, tid=0x00000000000155a8
#
# JRE version: OpenJDK Runtime Environment (8.0_152-b02) (build 1.8.0_152-release-1024-b02)
# Java VM: OpenJDK 64-Bit Server VM (25.152-b02 mixed mode windows-amd64 compressed oops)
# Failed to write core dump. Minidumps are not enabled by default on client versions of Windows
#

---------------  T H R E A D  ---------------

Current thread (0x000000001a813000):  JavaThread "C2 CompilerThread0" daemon [_thread_in_native, id=87464, stack(0x000000001b170000,0x000000001b270000)]

Stack: [0x000000001b170000,0x000000001b270000]
[error occurred during error reporting (printing stack bounds), id 0xc0000005]

Native frames: (J=compiled Java code, j=interpreted, Vv=VM code, C=native code)


Current CompileTask:
C2: 426279 12244       4       com.android.utils.XmlUtils::append (540 bytes)


---------------  P R O C E S S  ---------------

Java Threads: ( => current thread )
  0x000000002782a000 JavaThread "stdout" daemon [_thread_in_native, id=84436, stack(0x0000000033db0000,0x0000000033eb0000)]
  0x000000002782d000 JavaThread "stderr" daemon [_thread_in_native, id=72040, stack(0x0000000033cb0000,0x0000000033db0000)]
  0x000000002782c800 JavaThread "stdout" daemon [_thread_in_native, id=78576, stack(0x0000000033bb0000,0x0000000033cb0000)]
  0x000000002782f800 JavaThread "stderr" daemon [_thread_in_native, id=56900, stack(0x0000000033ab0000,0x0000000033bb0000)]
  0x000000002782e800 JavaThread "pool-4-thread-1" [_thread_blocked, id=87704, stack(0x00000000339b0000,0x0000000033ab0000)]
  0x000000001bf62800 JavaThread "stdout" daemon [_thread_in_native, id=2616, stack(0x00000000336b0000,0x00000000337b0000)]
  0x000000001bf62000 JavaThread "stderr" daemon [_thread_in_native, id=75516, stack(0x00000000335b0000,0x00000000336b0000)]
  0x000000001bf61000 JavaThread "stdout" daemon [_thread_in_native, id=80440, stack(0x00000000334b0000,0x00000000335b0000)]
  0x000000001bf5d800 JavaThread "stderr" daemon [_thread_in_native, id=59204, stack(0x00000000333b0000,0x00000000334b0000)]
  0x000000001bf5f000 JavaThread "stdout" daemon [_thread_in_native, id=74636, stack(0x00000000332b0000,0x00000000333b0000)]
  0x000000001bf59800 JavaThread "stderr" daemon [_thread_in_native, id=87304, stack(0x00000000331b0000,0x00000000332b0000)]
  0x000000001bf5f800 JavaThread "stdout" daemon [_thread_in_native, id=20172, stack(0x00000000330b0000,0x00000000331b0000)]
  0x000000001bf5c800 JavaThread "stderr" daemon [_thread_in_native, id=85524, stack(0x0000000032fb0000,0x00000000330b0000)]
  0x000000001bf60800 JavaThread "stdout" daemon [_thread_in_native, id=77348, stack(0x0000000032eb0000,0x0000000032fb0000)]
  0x000000001bf58000 JavaThread "stderr" daemon [_thread_in_native, id=72016, stack(0x0000000032db0000,0x0000000032eb0000)]
  0x000000001bf57800 JavaThread "queued-resource-processor_24" daemon [_thread_blocked, id=48812, stack(0x0000000032cb0000,0x0000000032db0000)]
  0x000000001bf5c000 JavaThread "queued-resource-processor_23" daemon [_thread_blocked, id=86576, stack(0x0000000032bb0000,0x0000000032cb0000)]
  0x000000001bf5e000 JavaThread "queued-resource-processor_21" daemon [_thread_blocked, id=85660, stack(0x00000000329b0000,0x0000000032ab0000)]
  0x000000001bf56800 JavaThread "queued-resource-processor_20" daemon [_thread_blocked, id=2200, stack(0x00000000328b0000,0x00000000329b0000)]
  0x000000001bf53800 JavaThread "queued-resource-processor_19" daemon [_thread_blocked, id=87664, stack(0x00000000327b0000,0x00000000328b0000)]
  0x000000001bf59000 JavaThread "queued-resource-processor_18" daemon [_thread_blocked, id=79208, stack(0x00000000326b0000,0x00000000327b0000)]
  0x000000001bf5a800 JavaThread "queued-resource-processor_17" daemon [_thread_blocked, id=80400, stack(0x00000000325b0000,0x00000000326b0000)]
  0x000000001bf56000 JavaThread "Task worker for ':' Thread 7" [_thread_blocked, id=9528, stack(0x00000000324b0000,0x00000000325b0000)]
  0x000000001bf55000 JavaThread "Task worker for ':' Thread 6" [_thread_blocked, id=70684, stack(0x00000000323b0000,0x00000000324b0000)]
  0x000000001bf54800 JavaThread "Task worker for ':' Thread 5" [_thread_in_native, id=87296, stack(0x00000000322b0000,0x00000000323b0000)]
  0x000000001fb3f800 JavaThread "Task worker for ':' Thread 4" [_thread_blocked, id=5296, stack(0x00000000321b0000,0x00000000322b0000)]
  0x000000001fb41800 JavaThread "Task worker for ':' Thread 3" [_thread_blocked, id=74632, stack(0x00000000320b0000,0x00000000321b0000)]
  0x000000001fb3c800 JavaThread "Task worker for ':' Thread 2" [_thread_blocked, id=84848, stack(0x0000000031fb0000,0x00000000320b0000)]
  0x000000001fb3d000 JavaThread "Task worker for ':'" [_thread_blocked, id=87436, stack(0x0000000031eb0000,0x0000000031fb0000)]
  0x000000001fb3e000 JavaThread "Cache worker for Build Output Cleanup Cache (D:\Work\Android\testRecyclerview01\.gradle\buildOutputCleanup)" [_thread_blocked, id=19568, stack(0x0000000031db0000,0x0000000031eb0000)]
  0x000000001fb3b800 JavaThread "Cache worker for task history cache (D:\Work\Android\testRecyclerview01\.gradle\4.4\taskHistory)" [_thread_blocked, id=85664, stack(0x0000000031cb0000,0x0000000031db0000)]
  0x000000001f2ab000 JavaThread "build operations Thread 8" [_thread_blocked, id=41472, stack(0x0000000031bb0000,0x0000000031cb0000)]
  0x000000001f2aa000 JavaThread "build operations Thread 7" [_thread_blocked, id=79788, stack(0x0000000031ab0000,0x0000000031bb0000)]
  0x000000001f2a8800 JavaThread "build operations Thread 6" [_thread_blocked, id=87028, stack(0x00000000319b0000,0x0000000031ab0000)]
  0x000000001f2a9800 JavaThread "build operations Thread 5" [_thread_blocked, id=27388, stack(0x00000000318b0000,0x00000000319b0000)]
  0x000000001f2a8000 JavaThread "build operations Thread 4" [_thread_blocked, id=83000, stack(0x00000000317b0000,0x00000000318b0000)]
  0x000000001f29e000 JavaThread "build operations Thread 3" [_thread_blocked, id=78808, stack(0x00000000316b0000,0x00000000317b0000)]
  0x000000001f2a5000 JavaThread "build operations Thread 2" [_thread_blocked, id=87568, stack(0x00000000315b0000,0x00000000316b0000)]
  0x000000001f2a4000 JavaThread "build operations" [_thread_blocked, id=80056, stack(0x00000000314b0000,0x00000000315b0000)]
  0x000000001f29c800 JavaThread "Cache worker for Artifact transforms cache (C:\Users\JKHwang\.gradle\caches\transforms-1)" [_thread_blocked, id=71648, stack(0x00000000313b0000,0x00000000314b0000)]
  0x000000001f2a3800 JavaThread "Cache worker for file hash cache (D:\Work\Android\testRecyclerview01\.gradle\4.4\fileHashes)" [_thread_blocked, id=79736, stack(0x00000000312b0000,0x00000000313b0000)]
  0x000000001f29b800 JavaThread "Stdin handler" [_thread_blocked, id=76888, stack(0x00000000311b0000,0x00000000312b0000)]
  0x000000001f2a2800 JavaThread "Asynchronous log dispatcher for DefaultDaemonConnection: socket connection from /127.0.0.1:13254 to /127.0.0.1:13541" [_thread_blocked, id=40944, stack(0x00000000310b0000,0x00000000311b0000)]
  0x000000001f29f800 JavaThread "Cancel handler" [_thread_blocked, id=60932, stack(0x0000000030fb0000,0x00000000310b0000)]
  0x000000001f2a1000 JavaThread "Handler for socket connection from /127.0.0.1:13254 to /127.0.0.1:13541" [_thread_in_native, id=83264, stack(0x0000000030eb0000,0x0000000030fb0000)]
  0x000000001fb3b000 JavaThread "Daemon worker Thread 3" [_thread_blocked, id=78424, stack(0x00000000301b0000,0x00000000302b0000)]
  0x000000001fb3e800 JavaThread "Daemon Thread 3" [_thread_blocked, id=87132, stack(0x000000002feb0000,0x000000002ffb0000)]
  0x000000001f29d000 JavaThread "Memory manager" [_thread_blocked, id=58624, stack(0x0000000025820000,0x0000000025920000)]
  0x000000001f2a0000 JavaThread "pool-1-thread-1" [_thread_blocked, id=74216, stack(0x0000000025520000,0x0000000025620000)]
  0x000000001c9db800 JavaThread "File lock request listener" [_thread_in_native, id=73060, stack(0x000000001e300000,0x000000001e400000)]
  0x000000001cb06000 JavaThread "Cache worker for file hash cache (C:\Users\JKHwang\.gradle\caches\4.4\fileHashes)" [_thread_blocked, id=70080, stack(0x000000001e200000,0x000000001e300000)]
  0x000000001c752800 JavaThread "Daemon periodic checks" [_thread_blocked, id=73372, stack(0x000000001d600000,0x000000001d700000)]
  0x000000001c916000 JavaThread "Incoming local TCP Connector on port 13254" [_thread_in_native, id=56892, stack(0x000000001d140000,0x000000001d240000)]
  0x000000001a8ab800 JavaThread "Service Thread" daemon [_thread_blocked, id=74296, stack(0x000000001b570000,0x000000001b670000)]
  0x000000001a825000 JavaThread "C1 CompilerThread3" daemon [_thread_in_native, id=72648, stack(0x000000001b470000,0x000000001b570000)]
  0x000000001a816800 JavaThread "C2 CompilerThread2" daemon [_thread_blocked, id=67672, stack(0x000000001b370000,0x000000001b470000)]
  0x000000001a815000 JavaThread "C2 CompilerThread1" daemon [_thread_in_native, id=25580, stack(0x000000001b270000,0x000000001b370000)]
=>0x000000001a813000 JavaThread "C2 CompilerThread0" daemon [_thread_in_native, id=87464, stack(0x000000001b170000,0x000000001b270000)]
  0x000000001a7bd000 JavaThread "Attach Listener" daemon [_thread_blocked, id=78928, stack(0x000000001b070000,0x000000001b170000)]
  0x000000001a7bc000 JavaThread "Signal Dispatcher" daemon [_thread_blocked, id=81700, stack(0x000000001af70000,0x000000001b070000)]
  0x000000001a7a0800 JavaThread "Finalizer" daemon [_thread_blocked, id=79400, stack(0x000000001ab80000,0x000000001ac80000)]
  0x0000000004aea000 JavaThread "Reference Handler" daemon [_thread_blocked, id=75352, stack(0x000000001a680000,0x000000001a780000)]
  0x00000000049f3800 JavaThread "main" [_thread_blocked, id=73156, stack(0x00000000048f0000,0x00000000049f0000)]

Other Threads:
  0x00000000188a6000 VMThread [stack: 0x000000001a580000,0x000000001a680000] [id=1464]
  0x000000001a86e800 WatcherThread [stack: 0x000000001b670000,0x000000001b770000] [id=85724]

VM state:not at safepoint (normal execution)

VM Mutex/Monitor currently owned by a thread: None

Heap:
 PSYoungGen      total 252928K, used 192405K [0x00000000e0000000, 0x00000000f2400000, 0x0000000100000000)
  eden space 226816K, 80% used [0x00000000e0000000,0x00000000eb307e50,0x00000000edd80000)
  from space 26112K, 34% used [0x00000000edd80000,0x00000000ee65d900,0x00000000ef700000)
  to   space 26112K, 0% used [0x00000000f0a80000,0x00000000f0a80000,0x00000000f2400000)
 ParOldGen       total 267776K, used 43230K [0x00000000a0000000, 0x00000000b0580000, 0x00000000e0000000)
  object space 267776K, 16% used [0x00000000a0000000,0x00000000a2a378c0,0x00000000b0580000)
 Metaspace       used 68002K, capacity 70958K, committed 71296K, reserved 1112064K
  class space    used 8833K, capacity 9496K, committed 9600K, reserved 1048576K

Card table byte_map: [0x0000000013eb0000,0x00000000141c0000] byte_map_base: 0x00000000139b0000

Marking Bits: (ParMarkBitMap*) 0x0000000075d84970
 Begin Bits: [0x0000000014bc0000, 0x00000000163c0000)
 End Bits:   [0x00000000163c0000, 0x0000000017bc0000)

Polling page: 0x0000000002d60000

CodeCache: size=245760Kb used=34722Kb max_used=34736Kb free=211037Kb
 bounds [0x0000000004af0000, 0x0000000006d10000, 0x0000000013af0000]
 total_blobs=11159 nmethods=10351 adapters=720
 compilation: enabled

Compilation events (10 events):
Event: 426.257 Thread 0x000000001a825000 12256       3       sun.security.provider.ByteArrayAccess::i2bBig4 (111 bytes)
Event: 426.257 Thread 0x000000001a825000 nmethod 12256 0x0000000006cea0d0 code [0x0000000006cea240, 0x0000000006cea568]
Event: 426.257 Thread 0x000000001a825000 12257       3       sun.reflect.MethodAccessorGenerator::<init> (5 bytes)
Event: 426.257 Thread 0x000000001a825000 nmethod 12257 0x0000000006ce9c50 code [0x0000000006ce9dc0, 0x0000000006ce9ff0]
Event: 426.257 Thread 0x000000001a825000 12258       3       sun.reflect.AccessorGenerator::<init> (17 bytes)
Event: 426.257 Thread 0x000000001a825000 nmethod 12258 0x0000000006ce9890 code [0x0000000006ce99e0, 0x0000000006ce9b90]
Event: 426.257 Thread 0x000000001a825000 12260       3       sun.reflect.MethodAccessorGenerator::buildInternalSignature (72 bytes)
Event: 426.258 Thread 0x000000001a825000 nmethod 12260 0x0000000006cfe990 code [0x0000000006cfebc0, 0x0000000006cffc08]
Event: 426.258 Thread 0x000000001a825000 12263       3       sun.reflect.MethodAccessorGenerator::emitInvoke (1033 bytes)
Event: 426.270 Thread 0x000000001a816800 nmethod 12255% 0x0000000006d03fd0 code [0x0000000006d04180, 0x0000000006d04e20]

GC Heap History (10 events):
Event: 8.829 GC heap before
{Heap before GC invocations=10 (full 2):
 PSYoungGen      total 145408K, used 145395K [0x00000000e0000000, 0x00000000ed480000, 0x0000000100000000)
  eden space 131072K, 100% used [0x00000000e0000000,0x00000000e8000000,0x00000000e8000000)
  from space 14336K, 99% used [0x00000000e8000000,0x00000000e8dfcea8,0x00000000e8e00000)
  to   space 16384K, 0% used [0x00000000ec480000,0x00000000ec480000,0x00000000ed480000)
 ParOldGen       total 177664K, used 18120K [0x00000000a0000000, 0x00000000aad80000, 0x00000000e0000000)
  object space 177664K, 10% used [0x00000000a0000000,0x00000000a11b2020,0x00000000aad80000)
 Metaspace       used 55347K, capacity 57092K, committed 57216K, reserved 1097728K
  class space    used 7566K, capacity 8031K, committed 8064K, reserved 1048576K
Event: 8.844 GC heap after
Heap after GC invocations=10 (full 2):
 PSYoungGen      total 197120K, used 16372K [0x00000000e0000000, 0x00000000eda00000, 0x0000000100000000)
  eden space 180736K, 0% used [0x00000000e0000000,0x00000000e0000000,0x00000000eb080000)
  from space 16384K, 99% used [0x00000000ec480000,0x00000000ed47d290,0x00000000ed480000)
  to   space 20480K, 0% used [0x00000000eb080000,0x00000000eb080000,0x00000000ec480000)
 ParOldGen       total 177664K, used 22701K [0x00000000a0000000, 0x00000000aad80000, 0x00000000e0000000)
  object space 177664K, 12% used [0x00000000a0000000,0x00000000a162b478,0x00000000aad80000)
 Metaspace       used 55347K, capacity 57092K, committed 57216K, reserved 1097728K
  class space    used 7566K, capacity 8031K, committed 8064K, reserved 1048576K
}
Event: 9.606 GC heap before
{Heap before GC invocations=11 (full 2):
 PSYoungGen      total 197120K, used 128192K [0x00000000e0000000, 0x00000000eda00000, 0x0000000100000000)
  eden space 180736K, 61% used [0x00000000e0000000,0x00000000e6d32fb8,0x00000000eb080000)
  from space 16384K, 99% used [0x00000000ec480000,0x00000000ed47d290,0x00000000ed480000)
  to   space 20480K, 0% used [0x00000000eb080000,0x00000000eb080000,0x00000000ec480000)
 ParOldGen       total 177664K, used 22701K [0x00000000a0000000, 0x00000000aad80000, 0x00000000e0000000)
  object space 177664K, 12% used [0x00000000a0000000,0x00000000a162b478,0x00000000aad80000)
 Metaspace       used 57064K, capacity 58964K, committed 59008K, reserved 1099776K
  class space    used 7820K, capacity 8306K, committed 8320K, reserved 1048576K
Event: 9.633 GC heap after
Heap after GC invocations=11 (full 2):
 PSYoungGen      total 201216K, used 20478K [0x00000000e0000000, 0x00000000f1780000, 0x0000000100000000)
  eden space 180736K, 0% used [0x00000000e0000000,0x00000000e0000000,0x00000000eb080000)
  from space 20480K, 99% used [0x00000000eb080000,0x00000000ec47fa10,0x00000000ec480000)
  to   space 25600K, 0% used [0x00000000efe80000,0x00000000efe80000,0x00000000f1780000)
 ParOldGen       total 177664K, used 30137K [0x00000000a0000000, 0x00000000aad80000, 0x00000000e0000000)
  object space 177664K, 16% used [0x00000000a0000000,0x00000000a1d6e5d0,0x00000000aad80000)
 Metaspace       used 57064K, capacity 58964K, committed 59008K, reserved 1099776K
  class space    used 7820K, capacity 8306K, committed 8320K, reserved 1048576K
}
Event: 9.633 GC heap before
{Heap before GC invocations=12 (full 3):
 PSYoungGen      total 201216K, used 20478K [0x00000000e0000000, 0x00000000f1780000, 0x0000000100000000)
  eden space 180736K, 0% used [0x00000000e0000000,0x00000000e0000000,0x00000000eb080000)
  from space 20480K, 99% used [0x00000000eb080000,0x00000000ec47fa10,0x00000000ec480000)
  to   space 25600K, 0% used [0x00000000efe80000,0x00000000efe80000,0x00000000f1780000)
 ParOldGen       total 177664K, used 30137K [0x00000000a0000000, 0x00000000aad80000, 0x00000000e0000000)
  object space 177664K, 16% used [0x00000000a0000000,0x00000000a1d6e5d0,0x00000000aad80000)
 Metaspace       used 57064K, capacity 58964K, committed 59008K, reserved 1099776K
  class space    used 7820K, capacity 8306K, committed 8320K, reserved 1048576K
Event: 9.867 GC heap after
Heap after GC invocations=12 (full 3):
 PSYoungGen      total 201216K, used 0K [0x00000000e0000000, 0x00000000f1780000, 0x0000000100000000)
  eden space 180736K, 0% used [0x00000000e0000000,0x00000000e0000000,0x00000000eb080000)
  from space 20480K, 0% used [0x00000000eb080000,0x00000000eb080000,0x00000000ec480000)
  to   space 25600K, 0% used [0x00000000efe80000,0x00000000efe80000,0x00000000f1780000)
 ParOldGen       total 267776K, used 43214K [0x00000000a0000000, 0x00000000b0580000, 0x00000000e0000000)
  object space 267776K, 16% used [0x00000000a0000000,0x00000000a2a338c0,0x00000000b0580000)
 Metaspace       used 57064K, capacity 58964K, committed 59008K, reserved 1099776K
  class space    used 7820K, capacity 8306K, committed 8320K, reserved 1048576K
}
Event: 25.157 GC heap before
{Heap before GC invocations=13 (full 3):
 PSYoungGen      total 201216K, used 180736K [0x00000000e0000000, 0x00000000f1780000, 0x0000000100000000)
  eden space 180736K, 100% used [0x00000000e0000000,0x00000000eb080000,0x00000000eb080000)
  from space 20480K, 0% used [0x00000000eb080000,0x00000000eb080000,0x00000000ec480000)
  to   space 25600K, 0% used [0x00000000efe80000,0x00000000efe80000,0x00000000f1780000)
 ParOldGen       total 267776K, used 43214K [0x00000000a0000000, 0x00000000b0580000, 0x00000000e0000000)
  object space 267776K, 16% used [0x00000000a0000000,0x00000000a2a338c0,0x00000000b0580000)
 Metaspace       used 64011K, capacity 66288K, committed 66432K, reserved 1105920K
  class space    used 8503K, capacity 9057K, committed 9088K, reserved 1048576K
Event: 25.169 GC heap after
Heap after GC invocations=13 (full 3):
 PSYoungGen      total 232960K, used 18123K [0x00000000e0000000, 0x00000000f1080000, 0x0000000100000000)
  eden space 214528K, 0% used [0x00000000e0000000,0x00000000e0000000,0x00000000ed180000)
  from space 18432K, 98% used [0x00000000efe80000,0x00000000f1032c70,0x00000000f1080000)
  to   space 26112K, 0% used [0x00000000edd80000,0x00000000edd80000,0x00000000ef700000)
 ParOldGen       total 267776K, used 43222K [0x00000000a0000000, 0x00000000b0580000, 0x00000000e0000000)
  object space 267776K, 16% used [0x00000000a0000000,0x00000000a2a358c0,0x00000000b0580000)
 Metaspace       used 64011K, capacity 66288K, committed 66432K, reserved 1105920K
  class space    used 8503K, capacity 9057K, committed 9088K, reserved 1048576K
}
Event: 421.371 GC heap before
{Heap before GC invocations=14 (full 3):
 PSYoungGen      total 232960K, used 232651K [0x00000000e0000000, 0x00000000f1080000, 0x0000000100000000)
  eden space 214528K, 100% used [0x00000000e0000000,0x00000000ed180000,0x00000000ed180000)
  from space 18432K, 98% used [0x00000000efe80000,0x00000000f1032c70,0x00000000f1080000)
  to   space 26112K, 0% used [0x00000000edd80000,0x00000000edd80000,0x00000000ef700000)
 ParOldGen       total 267776K, used 43222K [0x00000000a0000000, 0x00000000b0580000, 0x00000000e0000000)
  object space 267776K, 16% used [0x00000000a0000000,0x00000000a2a358c0,0x00000000b0580000)
 Metaspace       used 67059K, capacity 69848K, committed 70144K, reserved 1110016K
  class space    used 8776K, capacity 9412K, committed 9472K, reserved 1048576K
Event: 421.387 GC heap after
Heap after GC invocations=14 (full 3):
 PSYoungGen      total 252928K, used 9078K [0x00000000e0000000, 0x00000000f2400000, 0x0000000100000000)
  eden space 226816K, 0% used [0x00000000e0000000,0x00000000e0000000,0x00000000edd80000)
  from space 26112K, 34% used [0x00000000edd80000,0x00000000ee65d900,0x00000000ef700000)
  to   space 26112K, 0% used [0x00000000f0a80000,0x00000000f0a80000,0x00000000f2400000)
 ParOldGen       total 267776K, used 43230K [0x00000000a0000000, 0x00000000b0580000, 0x00000000e0000000)
  object space 267776K, 16% used [0x00000000a0000000,0x00000000a2a378c0,0x00000000b0580000)
 Metaspace       used 67059K, capacity 69848K, committed 70144K, reserved 1110016K
  class space    used 8776K, capacity 9412K, committed 9472K, reserved 1048576K
}

Deoptimization events (10 events):
Event: 426.245 Thread 0x000000001bf5b000 Uncommon trap: reason=class_check action=maybe_recompile pc=0x00000000063b2308 method=org.gradle.internal.logging.sink.OutputEventRenderer$4.onOutput(Lorg/gradle/internal/logging/events/OutputEvent;)V @ 11
Event: 426.245 Thread 0x000000001bf5b000 Uncommon trap: reason=bimorphic action=maybe_recompile pc=0x0000000006967d44 method=java.io.PrintStream.write([BII)V @ 16
Event: 426.245 Thread 0x000000001bf5b000 Uncommon trap: reason=class_check action=maybe_recompile pc=0x00000000063b2308 method=org.gradle.internal.logging.sink.OutputEventRenderer$4.onOutput(Lorg/gradle/internal/logging/events/OutputEvent;)V @ 11
Event: 426.246 Thread 0x000000001bf5b000 Uncommon trap: reason=class_check action=maybe_recompile pc=0x00000000063b2308 method=org.gradle.internal.logging.sink.OutputEventRenderer$4.onOutput(Lorg/gradle/internal/logging/events/OutputEvent;)V @ 11
Event: 426.246 Thread 0x000000001bf5b000 Uncommon trap: reason=class_check action=maybe_recompile pc=0x00000000063b2308 method=org.gradle.internal.logging.sink.OutputEventRenderer$4.onOutput(Lorg/gradle/internal/logging/events/OutputEvent;)V @ 11
Event: 426.253 Thread 0x000000001f2a2800 Uncommon trap: reason=predicate action=maybe_recompile pc=0x0000000004f70c0c method=java.util.ComparableTimSort.binarySort([Ljava/lang/Object;III)V @ 37
Event: 426.255 Thread 0x000000001f2a2800 Uncommon trap: reason=class_check action=maybe_recompile pc=0x00000000059adcb0 method=java.io.ObjectOutputStream.writeObject0(Ljava/lang/Object;Z)V @ 240
Event: 426.256 Thread 0x000000001f2a2800 Uncommon trap: reason=class_check action=maybe_recompile pc=0x00000000059adcb0 method=java.io.ObjectOutputStream.writeObject0(Ljava/lang/Object;Z)V @ 240
Event: 426.256 Thread 0x000000001f2a2800 Uncommon trap: reason=class_check action=maybe_recompile pc=0x00000000059adcb0 method=java.io.ObjectOutputStream.writeObject0(Ljava/lang/Object;Z)V @ 240
Event: 426.257 Thread 0x000000001f2a2800 Uncommon trap: reason=class_check action=maybe_recompile pc=0x00000000059adcb0 method=java.io.ObjectOutputStream.writeObject0(Ljava/lang/Object;Z)V @ 240

Classes redefined (0 events):
No events

Internal exceptions (10 events):
Event: 423.287 Thread 0x000000001fb3b000 Exception <a 'sun/nio/fs/WindowsException'> (0x00000000e5db3a48) thrown at [D:\src\AOSP-openjdk-cygwin\jdk8u\hotspot\src\share\vm\prims\jni.cpp, line 709]
Event: 423.287 Thread 0x000000001fb3b000 Exception <a 'sun/nio/fs/WindowsException'> (0x00000000e5db48a0) thrown at [D:\src\AOSP-openjdk-cygwin\jdk8u\hotspot\src\share\vm\prims\jni.cpp, line 709]
Event: 423.287 Thread 0x000000001fb3b000 Exception <a 'sun/nio/fs/WindowsException'> (0x00000000e5db6b10) thrown at [D:\src\AOSP-openjdk-cygwin\jdk8u\hotspot\src\share\vm\prims\jni.cpp, line 709]
Event: 423.287 Thread 0x000000001fb3b000 Exception <a 'sun/nio/fs/WindowsException'> (0x00000000e5db79a0) thrown at [D:\src\AOSP-openjdk-cygwin\jdk8u\hotspot\src\share\vm\prims\jni.cpp, line 709]
Event: 423.289 Thread 0x000000001fb3b000 Exception <a 'sun/nio/fs/WindowsException'> (0x00000000e5dbb388) thrown at [D:\src\AOSP-openjdk-cygwin\jdk8u\hotspot\src\share\vm\prims\jni.cpp, line 709]
Event: 423.289 Thread 0x000000001fb3b000 Exception <a 'sun/nio/fs/WindowsException'> (0x00000000e5dbc0a0) thrown at [D:\src\AOSP-openjdk-cygwin\jdk8u\hotspot\src\share\vm\prims\jni.cpp, line 709]
Event: 423.289 Thread 0x000000001fb3b000 Exception <a 'sun/nio/fs/WindowsException'> (0x00000000e5dbe1d0) thrown at [D:\src\AOSP-openjdk-cygwin\jdk8u\hotspot\src\share\vm\prims\jni.cpp, line 709]
Event: 423.289 Thread 0x000000001fb3b000 Exception <a 'sun/nio/fs/WindowsException'> (0x00000000e5dbef20) thrown at [D:\src\AOSP-openjdk-cygwin\jdk8u\hotspot\src\share\vm\prims\jni.cpp, line 709]
Event: 425.399 Thread 0x000000001bf54800 Implicit null exception at 0x0000000005c1368f to 0x0000000005c13b69
Event: 426.257 Thread 0x000000001f2a2800 Exception <a 'java/lang/NoSuchMethodError': <clinit>> (0x00000000e51fc538) thrown at [D:\src\AOSP-openjdk-cygwin\jdk8u\hotspot\src\share\vm\prims\jni.cpp, line 1613]

Events (10 events):
Event: 426.256 Thread 0x000000001f2a2800 DEOPT PACKING pc=0x00000000059adcb0 sp=0x00000000311aee10
Event: 426.256 Thread 0x000000001f2a2800 DEOPT UNPACKING pc=0x0000000004b3557b sp=0x00000000311aede0 mode 2
Event: 426.256 Thread 0x000000001f2a2800 Uncommon trap: trap_request=0xffffffde fr.pc=0x00000000059adcb0
Event: 426.256 Thread 0x000000001f2a2800 DEOPT PACKING pc=0x00000000059adcb0 sp=0x00000000311ae290
Event: 426.256 Thread 0x000000001f2a2800 DEOPT UNPACKING pc=0x0000000004b3557b sp=0x00000000311ae260 mode 2
Event: 426.257 Thread 0x000000001f2a2800 Uncommon trap: trap_request=0xffffffde fr.pc=0x00000000059adcb0
Event: 426.257 Thread 0x000000001f2a2800 DEOPT PACKING pc=0x00000000059adcb0 sp=0x00000000311ae290
Event: 426.257 Thread 0x000000001f2a2800 DEOPT UNPACKING pc=0x0000000004b3557b sp=0x00000000311ae260 mode 2
Event: 426.264 Executing VM operation: RevokeBias
Event: 426.264 Executing VM operation: RevokeBias done


Dynamic libraries:
0x00007ff6c4f80000 - 0x00007ff6c4fb1000 	C:\Program Files\Android\Android Studio\jre\bin\java.exe
0x00007ffe61430000 - 0x00007ffe61610000 	C:\WINDOWS\SYSTEM32\ntdll.dll
0x00007ffe60cb0000 - 0x00007ffe60d5e000 	C:\WINDOWS\System32\KERNEL32.DLL
0x00007ffe5d890000 - 0x00007ffe5daf6000 	C:\WINDOWS\System32\KERNELBASE.dll
0x00007ffe5ec00000 - 0x00007ffe5eca1000 	C:\WINDOWS\System32\ADVAPI32.dll
0x00007ffe60740000 - 0x00007ffe607dd000 	C:\WINDOWS\System32\msvcrt.dll
0x00007ffe60c50000 - 0x00007ffe60cab000 	C:\WINDOWS\System32\sechost.dll
0x00007ffe60590000 - 0x00007ffe606af000 	C:\WINDOWS\System32\RPCRT4.dll
0x00007ffe600f0000 - 0x00007ffe6027f000 	C:\WINDOWS\System32\USER32.dll
0x00007ffe5e190000 - 0x00007ffe5e1b0000 	C:\WINDOWS\System32\win32u.dll
0x00007ffe606b0000 - 0x00007ffe606d8000 	C:\WINDOWS\System32\GDI32.dll
0x00007ffe5db00000 - 0x00007ffe5dc93000 	C:\WINDOWS\System32\gdi32full.dll
0x00007ffe5dec0000 - 0x00007ffe5df5b000 	C:\WINDOWS\System32\msvcp_win.dll
0x00007ffe5df60000 - 0x00007ffe5e056000 	C:\WINDOWS\System32\ucrtbase.dll
0x00007ffe551b0000 - 0x00007ffe55419000 	C:\WINDOWS\WinSxS\amd64_microsoft.windows.common-controls_6595b64144ccf1df_6.0.16299.492_none_15c8d3609364b9b0\COMCTL32.dll
0x00007ffe60280000 - 0x00007ffe60587000 	C:\WINDOWS\System32\combase.dll
0x00007ffe5e110000 - 0x00007ffe5e182000 	C:\WINDOWS\System32\bcryptPrimitives.dll
0x00007ffe60c20000 - 0x00007ffe60c4d000 	C:\WINDOWS\System32\IMM32.DLL
0x00007ffe4e490000 - 0x00007ffe4e4ce000 	C:\Program Files (x86)\NCG\NcgSecurity64_v20140407.dll
0x00007ffe5c8b0000 - 0x00007ffe5c8e1000 	C:\WINDOWS\SYSTEM32\ntmarta.dll
0x00000000753b0000 - 0x0000000075482000 	C:\Program Files\Android\Android Studio\jre\jre\bin\msvcr100.dll
0x00000000755c0000 - 0x0000000075dff000 	C:\Program Files\Android\Android Studio\jre\jre\bin\server\jvm.dll
0x00007ffe60850000 - 0x00007ffe60858000 	C:\WINDOWS\System32\PSAPI.DLL
0x00007ffe59e40000 - 0x00007ffe59e63000 	C:\WINDOWS\SYSTEM32\WINMM.dll
0x00007ffe588a0000 - 0x00007ffe588aa000 	C:\WINDOWS\SYSTEM32\VERSION.dll
0x00007ffe59e10000 - 0x00007ffe59e3a000 	C:\WINDOWS\SYSTEM32\WINMMBASE.dll
0x00007ffe4ee90000 - 0x00007ffe4ee99000 	C:\WINDOWS\SYSTEM32\WSOCK32.dll
0x00007ffe5de70000 - 0x00007ffe5deba000 	C:\WINDOWS\System32\cfgmgr32.dll
0x00007ffe60bb0000 - 0x00007ffe60c1c000 	C:\WINDOWS\System32\WS2_32.dll
0x00007ffe50fb0000 - 0x00007ffe50fbf000 	C:\Program Files\Android\Android Studio\jre\jre\bin\verify.dll
0x00007ffe42090000 - 0x00007ffe420b9000 	C:\Program Files\Android\Android Studio\jre\jre\bin\java.dll
0x00007ffe4f570000 - 0x00007ffe4f586000 	C:\Program Files\Android\Android Studio\jre\jre\bin\zip.dll
0x00007ffe5ecb0000 - 0x00007ffe600e8000 	C:\WINDOWS\System32\SHELL32.dll
0x00007ffe60d60000 - 0x00007ffe60e06000 	C:\WINDOWS\System32\shcore.dll
0x00007ffe5e1b0000 - 0x00007ffe5e8f7000 	C:\WINDOWS\System32\windows.storage.dll
0x000000001ad10000 - 0x000000001ad61000 	C:\WINDOWS\System32\shlwapi.dll
0x00007ffe5d7a0000 - 0x00007ffe5d7b1000 	C:\WINDOWS\System32\kernel.appcore.dll
0x00007ffe5d7c0000 - 0x00007ffe5d80c000 	C:\WINDOWS\System32\powrprof.dll
0x00007ffe5d810000 - 0x00007ffe5d82b000 	C:\WINDOWS\System32\profapi.dll
0x00007ffe44240000 - 0x00007ffe4425a000 	C:\Program Files\Android\Android Studio\jre\jre\bin\net.dll
0x00007ffe5d010000 - 0x00007ffe5d076000 	C:\WINDOWS\system32\mswsock.dll
0x00007ffe43820000 - 0x00007ffe43831000 	C:\Program Files\Android\Android Studio\jre\jre\bin\nio.dll
0x00007ffe41480000 - 0x00007ffe4149e000 	C:\Users\JKHwang\.gradle\native\25\windows-amd64\native-platform.dll
0x00007ffe50fa0000 - 0x00007ffe50fad000 	C:\Program Files\Android\Android Studio\jre\jre\bin\management.dll
0x00007ffe5d1d0000 - 0x00007ffe5d1e7000 	C:\WINDOWS\SYSTEM32\CRYPTSP.dll
0x00007ffe5cc10000 - 0x00007ffe5cc43000 	C:\WINDOWS\system32\rsaenh.dll
0x00007ffe5d2e0000 - 0x00007ffe5d305000 	C:\WINDOWS\SYSTEM32\bcrypt.dll
0x00007ffe5d6b0000 - 0x00007ffe5d6d9000 	C:\WINDOWS\SYSTEM32\USERENV.dll
0x00007ffe5d1f0000 - 0x00007ffe5d1fb000 	C:\WINDOWS\SYSTEM32\CRYPTBASE.dll
0x00007ffe5cda0000 - 0x00007ffe5cdd9000 	C:\WINDOWS\SYSTEM32\IPHLPAPI.DLL
0x00007ffe60840000 - 0x00007ffe60848000 	C:\WINDOWS\System32\NSI.dll
0x00007ffe58ec0000 - 0x00007ffe58ed6000 	C:\WINDOWS\SYSTEM32\dhcpcsvc6.DLL
0x00007ffe58ea0000 - 0x00007ffe58eba000 	C:\WINDOWS\SYSTEM32\dhcpcsvc.DLL

VM Arguments:
jvm_args: -Xmx1536m -Dfile.encoding=x-windows-949 -Duser.country=KR -Duser.language=ko -Duser.variant 
java_command: org.gradle.launcher.daemon.bootstrap.GradleDaemon 4.4
java_class_path (initial): C:\Users\JKHwang\.gradle\wrapper\dists\gradle-4.4-all\9br9xq1tocpiv8o6njlyu5op1\gradle-4.4\lib\gradle-launcher-4.4.jar
Launcher Type: SUN_STANDARD

Environment Variables:
JAVA_HOME=C:\Program Files\Java\jdk-10.0.1
PATH=C:\Program Files (x86)\Common Files\Oracle\Java\javapath;C:\Program Files (x86)\Common Files\Intel\Shared Libraries\redist\intel64\compiler;C:\MentorGraphics\9.5PADS\SDD_HOME\common\win32\bin;C:\MentorGraphics\9.5PADS\SDD_HOME\common\win32\lib;C:\MentorGraphics\9.5PADS\MGC_HOME.ixn\bin;C:\MentorGraphics\9.5PADS\MGC_HOME.ixn\lib;C:\ProgramData\Oracle\Java\javapath;C:\Program Files (x86)\Wizvera\Delfino;C:\Program Files (x86)\Common Files\Microsoft Shared\Windows Live;C:\Program Files (x86)\Intel\iCLS Client\;C:\Program Files\Intel\iCLS Client\;C:\WINDOWS\system32;C:\WINDOWS;C:\WINDOWS\System32\Wbem;C:\WINDOWS\System32\WindowsPowerShell\v1.0\;C:\Program Files\Intel\Intel(R) Management Engine Components\DAL;C:\Program Files\Intel\Intel(R) Management Engine Components\IPT;C:\Program Files (x86)\Intel\Intel(R) Management Engine Components\DAL;C:\Program Files (x86)\Intel\Intel(R) Management Engine Components\IPT;C:\Program Files (x86)\Common Files\Acronis\SnapAPI\;C:\Program Files\Microsoft\Web Platform Installer\;C:\Program Files (x86)\Microsoft ASP.NET\ASP.NET Web Pages\v1.0\;C:\Program Files (x86)\Windows Kits\8.0\Windows Performance Toolkit\;C:\Program Files\Microsoft SQL Server\110\Tools\Binn\;C:\Program Files (x86)\NVIDIA Corporation\PhysX\Common;C:\Program Files (x86)\Skype\Phone\;C:\WINDOWS\system32;C:\WINDOWS;C:\WINDOWS\System32\Wbem;C:\WINDOWS\System32\WindowsPowerShell\v1.0\;C:\Program Files (x86)\GtkSharp\2.12\bin;C:\Program Files\Java\jdk-10.0.1\bin;C:\Users\JKHwang\AppData\Local\Programs\Python\Python36\Scripts\;C:\Users\JKHwang\AppData\Local\Programs\Python\Python36\;C:\Program Files\Common Files\Microsoft Shared\Windows Live;C:\Program Files (x86)\IDM Computer Solutions\UltraEdit\;C:\Program Files (x86)\SecuwaySSL\bin;C:\Users\JKHwang\AppData\Local\Microsoft\WindowsApps;C:\MentorGraphics\9.5PADS\SDD_HOME\common\win32\lib;C:\Users\JKHwang\AppData\Local\GitHubDesktop\bin
USERNAME=JKHwang
OS=Windows_NT
PROCESSOR_IDENTIFIER=Intel64 Family 6 Model 58 Stepping 9, GenuineIntel



---------------  S Y S T E M  ---------------

OS: Windows 10.0 , 64 bit Build 16299 (10.0.16299.431)

CPU:total 8 (initial active 8) (4 cores per cpu, 2 threads per core) family 6 model 58 stepping 9, cmov, cx8, fxsr, mmx, sse, sse2, sse3, ssse3, sse4.1, sse4.2, popcnt, avx, aes, clmul, erms, ht, tsc, tscinvbit, tscinv

Memory: 4k page, physical 16723504k(3852728k free), swap 16723504k(2512k free)

vm_info: OpenJDK 64-Bit Server VM (25.152-b02) for windows-amd64 JRE (1.8.0_152-release-1024-b02), built by "builder" with MS VC++ 10.0 (VS2010)

time: Sat Jul 07 00:53:02 2018
elapsed time: 426 seconds (0d 0h 7m 6s)

