#
# There is insufficient memory for the Java Runtime Environment to continue.
# Native memory allocation (malloc) failed to allocate 2072016 bytes for Chunk::new
# Possible reasons:
#   The system is out of physical RAM or swap space
#   In 32 bit mode, the process size limit was hit
# Possible solutions:
#   Reduce memory load on the system
#   Increase physical memory or swap space
#   Check if swap backing store is full
#   Use 64 bit Java on a 64 bit OS
#   Decrease Java heap size (-Xmx/-Xms)
#   Decrease number of Java threads
#   Decrease Java thread stack sizes (-Xss)
#   Set larger code cache with -XX:ReservedCodeCacheSize=
# This output file may be truncated or incomplete.
#
#  Out of Memory Error (allocation.cpp:390), pid=107852, tid=0x000000000001f5e4
#
# JRE version: OpenJDK Runtime Environment (8.0_152-b02) (build 1.8.0_152-release-1024-b02)
# Java VM: OpenJDK 64-Bit Server VM (25.152-b02 mixed mode windows-amd64 compressed oops)
# Failed to write core dump. Minidumps are not enabled by default on client versions of Windows
#

---------------  T H R E A D  ---------------

Current thread (0x000000001ae16000):  JavaThread "C2 CompilerThread2" daemon [_thread_in_native, id=128484, stack(0x000000001b910000,0x000000001ba10000)]

Stack: [0x000000001b910000,0x000000001ba10000]
[error occurred during error reporting (printing stack bounds), id 0xc0000005]

Native frames: (J=compiled Java code, j=interpreted, Vv=VM code, C=native code)


Current CompileTask:
C2:   6587 4819   !   4       com.sun.beans.TypeResolver::resolve (274 bytes)


---------------  P R O C E S S  ---------------

Java Threads: ( => current thread )
  0x00000000211ef800 JavaThread "Memory manager" [_thread_blocked, id=128684, stack(0x0000000025820000,0x0000000025920000)]
  0x00000000211ee800 JavaThread "pool-1-thread-1" [_thread_blocked, id=110332, stack(0x0000000025520000,0x0000000025620000)]
  0x00000000211ee000 JavaThread "build operations Thread 8" [_thread_blocked, id=128668, stack(0x0000000025220000,0x0000000025320000)]
  0x00000000211ed000 JavaThread "build operations Thread 7" [_thread_blocked, id=128664, stack(0x0000000025120000,0x0000000025220000)]
  0x00000000211e8000 JavaThread "build operations Thread 6" [_thread_blocked, id=128628, stack(0x0000000025020000,0x0000000025120000)]
  0x00000000211eb000 JavaThread "build operations Thread 5" [_thread_blocked, id=128656, stack(0x0000000024f20000,0x0000000025020000)]
  0x00000000211ea000 JavaThread "build operations Thread 4" [_thread_blocked, id=128652, stack(0x0000000024950000,0x0000000024a50000)]
  0x00000000211eb800 JavaThread "build operations Thread 3" [_thread_blocked, id=128648, stack(0x0000000023590000,0x0000000023690000)]
  0x00000000211e8800 JavaThread "build operations Thread 2" [_thread_blocked, id=128644, stack(0x0000000023490000,0x0000000023590000)]
  0x00000000211ec800 JavaThread "build operations" [_thread_blocked, id=128612, stack(0x0000000023190000,0x0000000023290000)]
  0x000000001cf61000 JavaThread "Cache worker for Artifact transforms cache (C:\Users\JKHwang\.gradle\caches\transforms-1)" [_thread_blocked, id=125080, stack(0x0000000023090000,0x0000000023190000)]
  0x000000001cf66000 JavaThread "Cache worker for file hash cache (D:\Work\Android\testRecyclerview01\.gradle\4.4\fileHashes)" [_thread_blocked, id=128436, stack(0x000000001f970000,0x000000001fa70000)]
  0x000000001cf64800 JavaThread "File lock request listener" [_thread_in_native, id=8692, stack(0x000000001e8a0000,0x000000001e9a0000)]
  0x000000001cf64000 JavaThread "Cache worker for file hash cache (C:\Users\JKHwang\.gradle\caches\4.4\fileHashes)" [_thread_blocked, id=128060, stack(0x000000001e7a0000,0x000000001e8a0000)]
  0x000000001cf63000 JavaThread "Stdin handler" [_thread_blocked, id=128192, stack(0x000000001e4a0000,0x000000001e5a0000)]
  0x000000001cf65800 JavaThread "Asynchronous log dispatcher for DefaultDaemonConnection: socket connection from /127.0.0.1:12161 to /127.0.0.1:12162" [_thread_blocked, id=125888, stack(0x000000001e2a0000,0x000000001e3a0000)]
  0x000000001cf62800 JavaThread "Daemon worker" [_thread_in_Java, id=123040, stack(0x000000001e1a0000,0x000000001e2a0000)]
  0x000000001cdd2800 JavaThread "Cancel handler" [_thread_blocked, id=126972, stack(0x000000001e0a0000,0x000000001e1a0000)]
  0x000000001cdc0800 JavaThread "Handler for socket connection from /127.0.0.1:12161 to /127.0.0.1:12162" [_thread_in_native, id=104108, stack(0x000000001dda0000,0x000000001dea0000)]
  0x000000001cdbc000 JavaThread "Daemon" [_thread_blocked, id=128988, stack(0x000000001dca0000,0x000000001dda0000)]
  0x000000001cf23800 JavaThread "Daemon periodic checks" [_thread_blocked, id=128452, stack(0x000000001dba0000,0x000000001dca0000)]
  0x000000001ccc6800 JavaThread "Incoming local TCP Connector on port 12161" [_thread_in_native, id=127172, stack(0x000000001d6e0000,0x000000001d7e0000)]
  0x000000001aea7800 JavaThread "Service Thread" daemon [_thread_blocked, id=124008, stack(0x000000001bb10000,0x000000001bc10000)]
  0x000000001ae21000 JavaThread "C1 CompilerThread3" daemon [_thread_blocked, id=128508, stack(0x000000001ba10000,0x000000001bb10000)]
=>0x000000001ae16000 JavaThread "C2 CompilerThread2" daemon [_thread_in_native, id=128484, stack(0x000000001b910000,0x000000001ba10000)]
  0x000000001ae14000 JavaThread "C2 CompilerThread1" daemon [_thread_in_native, id=126496, stack(0x000000001b810000,0x000000001b910000)]
  0x000000001ae12000 JavaThread "C2 CompilerThread0" daemon [_thread_in_native, id=128492, stack(0x000000001b710000,0x000000001b810000)]
  0x000000001adbb800 JavaThread "Attach Listener" daemon [_thread_blocked, id=127576, stack(0x000000001b610000,0x000000001b710000)]
  0x000000001ae10800 JavaThread "Signal Dispatcher" daemon [_thread_blocked, id=128376, stack(0x000000001b510000,0x000000001b610000)]
  0x000000001ada0800 JavaThread "Finalizer" daemon [_thread_blocked, id=128488, stack(0x000000001b180000,0x000000001b280000)]
  0x00000000050da000 JavaThread "Reference Handler" daemon [_thread_blocked, id=128480, stack(0x000000001ac80000,0x000000001ad80000)]
  0x0000000004fe3800 JavaThread "main" [_thread_blocked, id=128608, stack(0x0000000004e60000,0x0000000004f60000)]

Other Threads:
  0x0000000018e96000 VMThread [stack: 0x000000001ab80000,0x000000001ac80000] [id=128476]
  0x000000001aeaa000 WatcherThread [stack: 0x000000001bc10000,0x000000001bd10000] [id=59520]

VM state:not at safepoint (normal execution)

VM Mutex/Monitor currently owned by a thread: None

Heap:
 PSYoungGen      total 159232K, used 90013K [0x00000000e0000000, 0x00000000ece80000, 0x0000000100000000)
  eden space 144896K, 52% used [0x00000000e0000000,0x00000000e4a18330,0x00000000e8d80000)
  from space 14336K, 98% used [0x00000000e9d00000,0x00000000eaacf318,0x00000000eab00000)
  to   space 15872K, 0% used [0x00000000e8d80000,0x00000000e8d80000,0x00000000e9d00000)
 ParOldGen       total 105984K, used 19602K [0x00000000a0000000, 0x00000000a6780000, 0x00000000e0000000)
  object space 105984K, 18% used [0x00000000a0000000,0x00000000a1324bf8,0x00000000a6780000)
 Metaspace       used 49729K, capacity 51196K, committed 51416K, reserved 1093632K
  class space    used 6772K, capacity 7127K, committed 7168K, reserved 1048576K

Card table byte_map: [0x00000000144a0000,0x00000000147b0000] byte_map_base: 0x0000000013fa0000

Marking Bits: (ParMarkBitMap*) 0x0000000075d84970
 Begin Bits: [0x00000000151b0000, 0x00000000169b0000)
 End Bits:   [0x00000000169b0000, 0x00000000181b0000)

Polling page: 0x0000000004a70000

CodeCache: size=245760Kb used=17836Kb max_used=17847Kb free=227923Kb
 bounds [0x00000000050e0000, 0x0000000006260000, 0x00000000140e0000]
 total_blobs=5747 nmethods=4999 adapters=660
 compilation: enabled

Compilation events (10 events):
Event: 6.561 Thread 0x000000001ae21000 5039       3       org.gradle.api.internal.AbstractClassGenerator::inspectType (524 bytes)
Event: 6.566 Thread 0x000000001ae21000 nmethod 5039 0x000000000624ed50 code [0x000000000624f580, 0x00000000062557d8]
Event: 6.566 Thread 0x000000001ae21000 5041       3       org.gradle.api.internal.attributes.DefaultImmutableAttributes::asImmutable (2 bytes)
Event: 6.566 Thread 0x000000001ae21000 nmethod 5041 0x0000000006249210 code [0x0000000006249360, 0x00000000062494b0]
Event: 6.566 Thread 0x000000001ae21000 5040       3       org.gradle.api.internal.tasks.DefaultTaskDependency::<init> (10 bytes)
Event: 6.567 Thread 0x000000001ae21000 nmethod 5040 0x0000000006248d90 code [0x0000000006248f00, 0x0000000006249130]
Event: 6.577 Thread 0x000000001ae12000 nmethod 5036 0x000000000623eb50 code [0x000000000623ed40, 0x000000000623f960]
Event: 6.577 Thread 0x000000001ae12000 5035       4       org.gradle.internal.reflect.PropertyAccessorType::of (96 bytes)
Event: 6.584 Thread 0x000000001ae12000 nmethod 5035 0x000000000624a650 code [0x000000000624a7c0, 0x000000000624ac18]
Event: 6.584 Thread 0x000000001ae12000 4994       4       com.google.common.collect.NaturalOrdering::compare (13 bytes)

GC Heap History (10 events):
Event: 2.401 GC heap before
{Heap before GC invocations=4 (full 1):
 PSYoungGen      total 76288K, used 8732K [0x00000000e0000000, 0x00000000e9500000, 0x0000000100000000)
  eden space 65536K, 0% used [0x00000000e0000000,0x00000000e0000000,0x00000000e4000000)
  from space 10752K, 81% used [0x00000000e4000000,0x00000000e48871c8,0x00000000e4a80000)
  to   space 10752K, 0% used [0x00000000e8a80000,0x00000000e8a80000,0x00000000e9500000)
 ParOldGen       total 175104K, used 426K [0x00000000a0000000, 0x00000000aab00000, 0x00000000e0000000)
  object space 175104K, 0% used [0x00000000a0000000,0x00000000a006a9f8,0x00000000aab00000)
 Metaspace       used 20808K, capacity 21212K, committed 21248K, reserved 1067008K
  class space    used 2901K, capacity 3042K, committed 3072K, reserved 1048576K
Event: 2.431 GC heap after
Heap after GC invocations=4 (full 1):
 PSYoungGen      total 76288K, used 0K [0x00000000e0000000, 0x00000000e9500000, 0x0000000100000000)
  eden space 65536K, 0% used [0x00000000e0000000,0x00000000e0000000,0x00000000e4000000)
  from space 10752K, 0% used [0x00000000e4000000,0x00000000e4000000,0x00000000e4a80000)
  to   space 10752K, 0% used [0x00000000e8a80000,0x00000000e8a80000,0x00000000e9500000)
 ParOldGen       total 105984K, used 8571K [0x00000000a0000000, 0x00000000a6780000, 0x00000000e0000000)
  object space 105984K, 8% used [0x00000000a0000000,0x00000000a085ee98,0x00000000a6780000)
 Metaspace       used 20808K, capacity 21212K, committed 21248K, reserved 1067008K
  class space    used 2901K, capacity 3042K, committed 3072K, reserved 1048576K
}
Event: 3.239 GC heap before
{Heap before GC invocations=5 (full 1):
 PSYoungGen      total 76288K, used 65536K [0x00000000e0000000, 0x00000000e9500000, 0x0000000100000000)
  eden space 65536K, 100% used [0x00000000e0000000,0x00000000e4000000,0x00000000e4000000)
  from space 10752K, 0% used [0x00000000e4000000,0x00000000e4000000,0x00000000e4a80000)
  to   space 10752K, 0% used [0x00000000e8a80000,0x00000000e8a80000,0x00000000e9500000)
 ParOldGen       total 105984K, used 8571K [0x00000000a0000000, 0x00000000a6780000, 0x00000000e0000000)
  object space 105984K, 8% used [0x00000000a0000000,0x00000000a085ee98,0x00000000a6780000)
 Metaspace       used 26530K, capacity 27062K, committed 27136K, reserved 1073152K
  class space    used 3657K, capacity 3831K, committed 3840K, reserved 1048576K
Event: 3.246 GC heap after
Heap after GC invocations=5 (full 1):
 PSYoungGen      total 106496K, used 7365K [0x00000000e0000000, 0x00000000e9200000, 0x0000000100000000)
  eden space 98816K, 0% used [0x00000000e0000000,0x00000000e0000000,0x00000000e6080000)
  from space 7680K, 95% used [0x00000000e8a80000,0x00000000e91b1478,0x00000000e9200000)
  to   space 10752K, 0% used [0x00000000e7d00000,0x00000000e7d00000,0x00000000e8780000)
 ParOldGen       total 105984K, used 8579K [0x00000000a0000000, 0x00000000a6780000, 0x00000000e0000000)
  object space 105984K, 8% used [0x00000000a0000000,0x00000000a0860e98,0x00000000a6780000)
 Metaspace       used 26530K, capacity 27062K, committed 27136K, reserved 1073152K
  class space    used 3657K, capacity 3831K, committed 3840K, reserved 1048576K
}
Event: 4.330 GC heap before
{Heap before GC invocations=6 (full 1):
 PSYoungGen      total 106496K, used 96969K [0x00000000e0000000, 0x00000000e9200000, 0x0000000100000000)
  eden space 98816K, 90% used [0x00000000e0000000,0x00000000e57812f8,0x00000000e6080000)
  from space 7680K, 95% used [0x00000000e8a80000,0x00000000e91b1478,0x00000000e9200000)
  to   space 10752K, 0% used [0x00000000e7d00000,0x00000000e7d00000,0x00000000e8780000)
 ParOldGen       total 105984K, used 8579K [0x00000000a0000000, 0x00000000a6780000, 0x00000000e0000000)
  object space 105984K, 8% used [0x00000000a0000000,0x00000000a0860e98,0x00000000a6780000)
 Metaspace       used 34683K, capacity 35272K, committed 35416K, reserved 1079296K
  class space    used 4783K, capacity 4976K, committed 4992K, reserved 1048576K
Event: 4.339 GC heap after
Heap after GC invocations=6 (full 1):
 PSYoungGen      total 138752K, used 10751K [0x00000000e0000000, 0x00000000eab00000, 0x0000000100000000)
  eden space 128000K, 0% used [0x00000000e0000000,0x00000000e0000000,0x00000000e7d00000)
  from space 10752K, 99% used [0x00000000e7d00000,0x00000000e877fc90,0x00000000e8780000)
  to   space 14336K, 0% used [0x00000000e9d00000,0x00000000e9d00000,0x00000000eab00000)
 ParOldGen       total 105984K, used 10913K [0x00000000a0000000, 0x00000000a6780000, 0x00000000e0000000)
  object space 105984K, 10% used [0x00000000a0000000,0x00000000a0aa8540,0x00000000a6780000)
 Metaspace       used 34683K, capacity 35272K, committed 35416K, reserved 1079296K
  class space    used 4783K, capacity 4976K, committed 4992K, reserved 1048576K
}
Event: 4.339 GC heap before
{Heap before GC invocations=7 (full 2):
 PSYoungGen      total 138752K, used 10751K [0x00000000e0000000, 0x00000000eab00000, 0x0000000100000000)
  eden space 128000K, 0% used [0x00000000e0000000,0x00000000e0000000,0x00000000e7d00000)
  from space 10752K, 99% used [0x00000000e7d00000,0x00000000e877fc90,0x00000000e8780000)
  to   space 14336K, 0% used [0x00000000e9d00000,0x00000000e9d00000,0x00000000eab00000)
 ParOldGen       total 105984K, used 10913K [0x00000000a0000000, 0x00000000a6780000, 0x00000000e0000000)
  object space 105984K, 10% used [0x00000000a0000000,0x00000000a0aa8540,0x00000000a6780000)
 Metaspace       used 34683K, capacity 35272K, committed 35416K, reserved 1079296K
  class space    used 4783K, capacity 4976K, committed 4992K, reserved 1048576K
Event: 4.375 GC heap after
Heap after GC invocations=7 (full 2):
 PSYoungGen      total 138752K, used 0K [0x00000000e0000000, 0x00000000eab00000, 0x0000000100000000)
  eden space 128000K, 0% used [0x00000000e0000000,0x00000000e0000000,0x00000000e7d00000)
  from space 10752K, 0% used [0x00000000e7d00000,0x00000000e7d00000,0x00000000e8780000)
  to   space 14336K, 0% used [0x00000000e9d00000,0x00000000e9d00000,0x00000000eab00000)
 ParOldGen       total 105984K, used 19594K [0x00000000a0000000, 0x00000000a6780000, 0x00000000e0000000)
  object space 105984K, 18% used [0x00000000a0000000,0x00000000a1322bf8,0x00000000a6780000)
 Metaspace       used 34683K, capacity 35272K, committed 35416K, reserved 1079296K
  class space    used 4783K, capacity 4976K, committed 4992K, reserved 1048576K
}
Event: 5.665 GC heap before
{Heap before GC invocations=8 (full 2):
 PSYoungGen      total 138752K, used 128000K [0x00000000e0000000, 0x00000000eab00000, 0x0000000100000000)
  eden space 128000K, 100% used [0x00000000e0000000,0x00000000e7d00000,0x00000000e7d00000)
  from space 10752K, 0% used [0x00000000e7d00000,0x00000000e7d00000,0x00000000e8780000)
  to   space 14336K, 0% used [0x00000000e9d00000,0x00000000e9d00000,0x00000000eab00000)
 ParOldGen       total 105984K, used 19594K [0x00000000a0000000, 0x00000000a6780000, 0x00000000e0000000)
  object space 105984K, 18% used [0x00000000a0000000,0x00000000a1322bf8,0x00000000a6780000)
 Metaspace       used 42903K, capacity 43872K, committed 44120K, reserved 1087488K
  class space    used 5913K, capacity 6211K, committed 6272K, reserved 1048576K
Event: 5.676 GC heap after
Heap after GC invocations=8 (full 2):
 PSYoungGen      total 159232K, used 14140K [0x00000000e0000000, 0x00000000ece80000, 0x0000000100000000)
  eden space 144896K, 0% used [0x00000000e0000000,0x00000000e0000000,0x00000000e8d80000)
  from space 14336K, 98% used [0x00000000e9d00000,0x00000000eaacf318,0x00000000eab00000)
  to   space 15872K, 0% used [0x00000000e8d80000,0x00000000e8d80000,0x00000000e9d00000)
 ParOldGen       total 105984K, used 19602K [0x00000000a0000000, 0x00000000a6780000, 0x00000000e0000000)
  object space 105984K, 18% used [0x00000000a0000000,0x00000000a1324bf8,0x00000000a6780000)
 Metaspace       used 42903K, capacity 43872K, committed 44120K, reserved 1087488K
  class space    used 5913K, capacity 6211K, committed 6272K, reserved 1048576K
}

Deoptimization events (10 events):
Event: 5.823 Thread 0x000000001cf62800 Uncommon trap: reason=unstable_if action=reinterpret pc=0x00000000059bb3a8 method=java.util.regex.Pattern$BmpCharProperty.match(Ljava/util/regex/Matcher;ILjava/lang/CharSequence;)Z @ 34
Event: 5.848 Thread 0x000000001cf62800 Uncommon trap: reason=unstable_if action=reinterpret pc=0x0000000005fe48cc method=java.util.regex.Pattern$Ctype.isSatisfiedBy(I)Z @ 4
Event: 5.868 Thread 0x000000001cf62800 Uncommon trap: reason=unstable_if action=reinterpret pc=0x0000000005fe57c4 method=java.util.regex.Pattern$NotBehind.match(Ljava/util/regex/Matcher;ILjava/lang/CharSequence;)Z @ 128
Event: 6.014 Thread 0x000000001cf62800 Uncommon trap: reason=unstable_if action=reinterpret pc=0x0000000005e421f8 method=java.util.regex.Pattern$BitClass.isSatisfiedBy(I)Z @ 4
Event: 6.114 Thread 0x000000001cf62800 Uncommon trap: reason=null_check action=make_not_entrant pc=0x0000000005dcfbc0 method=java.lang.ThreadLocal$ThreadLocalMap.getEntryAfterMiss(Ljava/lang/ThreadLocal;ILjava/lang/ThreadLocal$ThreadLocalMap$Entry;)Ljava/lang/ThreadLocal$ThreadLocalMap$Entry; 
Event: 6.307 Thread 0x000000001cf62800 Uncommon trap: reason=unstable_if action=reinterpret pc=0x000000000597b10c method=org.objectweb.asm.ByteVector.putUTF8(Ljava/lang/String;)Lorg/objectweb/asm/ByteVector; @ 91
Event: 6.344 Thread 0x000000001cf62800 Uncommon trap: reason=unstable_if action=reinterpret pc=0x00000000058732f4 method=java.lang.String.lastIndexOf([CII[CIII)I @ 118
Event: 6.348 Thread 0x000000001cf62800 Uncommon trap: reason=unstable_if action=reinterpret pc=0x00000000058a72b0 method=org.objectweb.asm.ByteVector.putUTF8(Ljava/lang/String;)Lorg/objectweb/asm/ByteVector; @ 91
Event: 6.475 Thread 0x000000001cf62800 Uncommon trap: reason=unstable_if action=reinterpret pc=0x0000000005ffbb68 method=java.util.regex.Pattern$GroupTail.match(Ljava/util/regex/Matcher;ILjava/lang/CharSequence;)Z @ 73
Event: 6.475 Thread 0x000000001cf62800 Uncommon trap: reason=unstable_if action=reinterpret pc=0x0000000005ffaa18 method=com.sun.org.apache.xerces.internal.impl.XMLEntityScanner.scanContent(Lcom/sun/org/apache/xerces/internal/xni/XMLString;)I @ 163

Classes redefined (0 events):
No events

Internal exceptions (10 events):
Event: 6.091 Thread 0x000000001cf62800 Exception <a 'sun/nio/fs/WindowsException'> (0x00000000e262b6b0) thrown at [D:\src\AOSP-openjdk-cygwin\jdk8u\hotspot\src\share\vm\prims\jni.cpp, line 709]
Event: 6.091 Thread 0x000000001cf62800 Exception <a 'sun/nio/fs/WindowsException'> (0x00000000e262d228) thrown at [D:\src\AOSP-openjdk-cygwin\jdk8u\hotspot\src\share\vm\prims\jni.cpp, line 709]
Event: 6.091 Thread 0x000000001cf62800 Exception <a 'sun/nio/fs/WindowsException'> (0x00000000e262dd90) thrown at [D:\src\AOSP-openjdk-cygwin\jdk8u\hotspot\src\share\vm\prims\jni.cpp, line 709]
Event: 6.101 Thread 0x000000001cf62800 Exception <a 'java/lang/NoSuchMethodError': java.lang.Object.lambda$comparing$77a9974f$1(Ljava/util/function/Function;Ljava/lang/Object;Ljava/lang/Object;)I> (0x00000000e26b69f0) thrown at [D:\src\AOSP-openjdk-cygwin\jdk8u\hotspot\src\share\vm\interpreter
Event: 6.103 Thread 0x000000001cf62800 Exception <a 'java/lang/NoSuchMethodError': java.lang.Object.lambda$thenComparing$36697e65$1(Ljava/util/Comparator;Ljava/lang/Object;Ljava/lang/Object;)I> (0x00000000e26c2070) thrown at [D:\src\AOSP-openjdk-cygwin\jdk8u\hotspot\src\share\vm\interpreter\li
Event: 6.114 Thread 0x000000001cf62800 Implicit null exception at 0x0000000005dcf704 to 0x0000000005dcfba1
Event: 6.124 Thread 0x000000001cf62800 Exception <a 'java/lang/NoSuchMethodError': java.lang.Object.lambda$maxBy$1(Ljava/util/Comparator;Ljava/lang/Object;Ljava/lang/Object;)Ljava/lang/Object;> (0x00000000e2810f28) thrown at [D:\src\AOSP-openjdk-cygwin\jdk8u\hotspot\src\share\vm\interpreter\li
Event: 6.152 Thread 0x000000001cf62800 Exception <a 'sun/nio/fs/WindowsException'> (0x00000000e28fa7a0) thrown at [D:\src\AOSP-openjdk-cygwin\jdk8u\hotspot\src\share\vm\prims\jni.cpp, line 709]
Event: 6.242 Thread 0x000000001cf62800 Exception <a 'java/lang/ClassNotFoundException': org/gradle/api/plugins/BasePluginConventionBeanInfo> (0x00000000e2eb9778) thrown at [D:\src\AOSP-openjdk-cygwin\jdk8u\hotspot\src\share\vm\classfile\systemDictionary.cpp, line 210]
Event: 6.243 Thread 0x000000001cf62800 Exception <a 'java/lang/ClassNotFoundException': org/gradle/api/plugins/BasePluginConventionCustomizer> (0x00000000e2edbea8) thrown at [D:\src\AOSP-openjdk-cygwin\jdk8u\hotspot\src\share\vm\classfile\systemDictionary.cpp, line 210]

Events (10 events):
Event: 6.582 loading class org/gradle/internal/hash/StreamHasher
Event: 6.582 loading class org/gradle/internal/hash/StreamHasher done
Event: 6.582 loading class org/gradle/api/provider/Provider
Event: 6.582 loading class org/gradle/api/provider/Provider done
Event: 6.583 loading class org/gradle/internal/service/ServiceRegistry
Event: 6.583 loading class org/gradle/internal/service/ServiceRegistry done
Event: 6.584 loading class org/gradle/api/tasks/compile/ForkOptions
Event: 6.584 loading class org/gradle/api/tasks/compile/ForkOptions done
Event: 6.584 loading class org/gradle/api/tasks/compile/BaseForkOptions
Event: 6.584 loading class org/gradle/api/tasks/compile/BaseForkOptions done


Dynamic libraries:
0x00007ff687b80000 - 0x00007ff687bb1000 	C:\Program Files\Android\Android Studio\jre\bin\java.exe
0x00007ffe61430000 - 0x00007ffe61610000 	C:\WINDOWS\SYSTEM32\ntdll.dll
0x00007ffe60cb0000 - 0x00007ffe60d5e000 	C:\WINDOWS\System32\KERNEL32.DLL
0x00007ffe5d890000 - 0x00007ffe5daf6000 	C:\WINDOWS\System32\KERNELBASE.dll
0x00007ffe5ec00000 - 0x00007ffe5eca1000 	C:\WINDOWS\System32\ADVAPI32.dll
0x00007ffe60740000 - 0x00007ffe607dd000 	C:\WINDOWS\System32\msvcrt.dll
0x00007ffe60c50000 - 0x00007ffe60cab000 	C:\WINDOWS\System32\sechost.dll
0x00007ffe60590000 - 0x00007ffe606af000 	C:\WINDOWS\System32\RPCRT4.dll
0x00007ffe600f0000 - 0x00007ffe6027f000 	C:\WINDOWS\System32\USER32.dll
0x00007ffe5e190000 - 0x00007ffe5e1b0000 	C:\WINDOWS\System32\win32u.dll
0x00007ffe606b0000 - 0x00007ffe606d8000 	C:\WINDOWS\System32\GDI32.dll
0x00007ffe5db00000 - 0x00007ffe5dc93000 	C:\WINDOWS\System32\gdi32full.dll
0x00007ffe5dec0000 - 0x00007ffe5df5b000 	C:\WINDOWS\System32\msvcp_win.dll
0x00007ffe5df60000 - 0x00007ffe5e056000 	C:\WINDOWS\System32\ucrtbase.dll
0x00007ffe551b0000 - 0x00007ffe55419000 	C:\WINDOWS\WinSxS\amd64_microsoft.windows.common-controls_6595b64144ccf1df_6.0.16299.492_none_15c8d3609364b9b0\COMCTL32.dll
0x00007ffe60280000 - 0x00007ffe60587000 	C:\WINDOWS\System32\combase.dll
0x00007ffe5e110000 - 0x00007ffe5e182000 	C:\WINDOWS\System32\bcryptPrimitives.dll
0x00007ffe60c20000 - 0x00007ffe60c4d000 	C:\WINDOWS\System32\IMM32.DLL
0x00007ffe4e490000 - 0x00007ffe4e4ce000 	C:\Program Files (x86)\NCG\NcgSecurity64_v20140407.dll
0x00007ffe5c8b0000 - 0x00007ffe5c8e1000 	C:\WINDOWS\SYSTEM32\ntmarta.dll
0x0000000073210000 - 0x00000000732e2000 	C:\Program Files\Android\Android Studio\jre\jre\bin\msvcr100.dll
0x00000000755c0000 - 0x0000000075dff000 	C:\Program Files\Android\Android Studio\jre\jre\bin\server\jvm.dll
0x00007ffe60850000 - 0x00007ffe60858000 	C:\WINDOWS\System32\PSAPI.DLL
0x00007ffe588a0000 - 0x00007ffe588aa000 	C:\WINDOWS\SYSTEM32\VERSION.dll
0x00007ffe59e40000 - 0x00007ffe59e63000 	C:\WINDOWS\SYSTEM32\WINMM.dll
0x00007ffe4ee90000 - 0x00007ffe4ee99000 	C:\WINDOWS\SYSTEM32\WSOCK32.dll
0x00007ffe60bb0000 - 0x00007ffe60c1c000 	C:\WINDOWS\System32\WS2_32.dll
0x00007ffe59e10000 - 0x00007ffe59e3a000 	C:\WINDOWS\SYSTEM32\WINMMBASE.dll
0x00007ffe5de70000 - 0x00007ffe5deba000 	C:\WINDOWS\System32\cfgmgr32.dll
0x00007ffe56b00000 - 0x00007ffe56b0f000 	C:\Program Files\Android\Android Studio\jre\jre\bin\verify.dll
0x00007ffe55940000 - 0x00007ffe55969000 	C:\Program Files\Android\Android Studio\jre\jre\bin\java.dll
0x00007ffe51b40000 - 0x00007ffe51b56000 	C:\Program Files\Android\Android Studio\jre\jre\bin\zip.dll
0x00007ffe5ecb0000 - 0x00007ffe600e8000 	C:\WINDOWS\System32\SHELL32.dll
0x00007ffe60d60000 - 0x00007ffe60e06000 	C:\WINDOWS\System32\shcore.dll
0x00007ffe5e1b0000 - 0x00007ffe5e8f7000 	C:\WINDOWS\System32\windows.storage.dll
0x0000000004f60000 - 0x0000000004fb1000 	C:\WINDOWS\System32\shlwapi.dll
0x00007ffe5d7a0000 - 0x00007ffe5d7b1000 	C:\WINDOWS\System32\kernel.appcore.dll
0x00007ffe5d7c0000 - 0x00007ffe5d80c000 	C:\WINDOWS\System32\powrprof.dll
0x00007ffe5d810000 - 0x00007ffe5d82b000 	C:\WINDOWS\System32\profapi.dll
0x00007ffe518b0000 - 0x00007ffe518ca000 	C:\Program Files\Android\Android Studio\jre\jre\bin\net.dll
0x00007ffe5d010000 - 0x00007ffe5d076000 	C:\WINDOWS\system32\mswsock.dll
0x00007ffe516f0000 - 0x00007ffe51701000 	C:\Program Files\Android\Android Studio\jre\jre\bin\nio.dll
0x00007ffe5a640000 - 0x00007ffe5a65e000 	C:\Users\JKHwang\.gradle\native\25\windows-amd64\native-platform.dll
0x00007ffe55af0000 - 0x00007ffe55afd000 	C:\Program Files\Android\Android Studio\jre\jre\bin\management.dll
0x00007ffe5d1d0000 - 0x00007ffe5d1e7000 	C:\WINDOWS\SYSTEM32\CRYPTSP.dll
0x00007ffe5cc10000 - 0x00007ffe5cc43000 	C:\WINDOWS\system32\rsaenh.dll
0x00007ffe5d2e0000 - 0x00007ffe5d305000 	C:\WINDOWS\SYSTEM32\bcrypt.dll
0x00007ffe5d6b0000 - 0x00007ffe5d6d9000 	C:\WINDOWS\SYSTEM32\USERENV.dll
0x00007ffe5d1f0000 - 0x00007ffe5d1fb000 	C:\WINDOWS\SYSTEM32\CRYPTBASE.dll
0x00007ffe5cda0000 - 0x00007ffe5cdd9000 	C:\WINDOWS\SYSTEM32\IPHLPAPI.DLL
0x00007ffe60840000 - 0x00007ffe60848000 	C:\WINDOWS\System32\NSI.dll
0x00007ffe58ec0000 - 0x00007ffe58ed6000 	C:\WINDOWS\SYSTEM32\dhcpcsvc6.DLL
0x00007ffe58ea0000 - 0x00007ffe58eba000 	C:\WINDOWS\SYSTEM32\dhcpcsvc.DLL

VM Arguments:
jvm_args: -Xmx1536m -Dfile.encoding=x-windows-949 -Duser.country=KR -Duser.language=ko -Duser.variant 
java_command: org.gradle.launcher.daemon.bootstrap.GradleDaemon 4.4
java_class_path (initial): C:\Users\JKHwang\.gradle\wrapper\dists\gradle-4.4-all\9br9xq1tocpiv8o6njlyu5op1\gradle-4.4\lib\gradle-launcher-4.4.jar
Launcher Type: SUN_STANDARD

Environment Variables:
JAVA_HOME=C:\Program Files\Java\jdk-10.0.1
PATH=C:\Program Files (x86)\Common Files\Oracle\Java\javapath;C:\Program Files (x86)\Common Files\Intel\Shared Libraries\redist\intel64\compiler;C:\MentorGraphics\9.5PADS\SDD_HOME\common\win32\bin;C:\MentorGraphics\9.5PADS\SDD_HOME\common\win32\lib;C:\MentorGraphics\9.5PADS\MGC_HOME.ixn\bin;C:\MentorGraphics\9.5PADS\MGC_HOME.ixn\lib;C:\ProgramData\Oracle\Java\javapath;C:\Program Files (x86)\Wizvera\Delfino;C:\Program Files (x86)\Common Files\Microsoft Shared\Windows Live;C:\Program Files (x86)\Intel\iCLS Client\;C:\Program Files\Intel\iCLS Client\;C:\WINDOWS\system32;C:\WINDOWS;C:\WINDOWS\System32\Wbem;C:\WINDOWS\System32\WindowsPowerShell\v1.0\;C:\Program Files\Intel\Intel(R) Management Engine Components\DAL;C:\Program Files\Intel\Intel(R) Management Engine Components\IPT;C:\Program Files (x86)\Intel\Intel(R) Management Engine Components\DAL;C:\Program Files (x86)\Intel\Intel(R) Management Engine Components\IPT;C:\Program Files (x86)\Common Files\Acronis\SnapAPI\;C:\Program Files\Microsoft\Web Platform Installer\;C:\Program Files (x86)\Microsoft ASP.NET\ASP.NET Web Pages\v1.0\;C:\Program Files (x86)\Windows Kits\8.0\Windows Performance Toolkit\;C:\Program Files\Microsoft SQL Server\110\Tools\Binn\;C:\Program Files (x86)\NVIDIA Corporation\PhysX\Common;C:\Program Files (x86)\Skype\Phone\;C:\WINDOWS\system32;C:\WINDOWS;C:\WINDOWS\System32\Wbem;C:\WINDOWS\System32\WindowsPowerShell\v1.0\;C:\Program Files (x86)\GtkSharp\2.12\bin;C:\Program Files\Java\jdk-10.0.1\bin;C:\Users\JKHwang\AppData\Local\Programs\Python\Python36\Scripts\;C:\Users\JKHwang\AppData\Local\Programs\Python\Python36\;C:\Program Files\Common Files\Microsoft Shared\Windows Live;C:\Program Files (x86)\IDM Computer Solutions\UltraEdit\;C:\Program Files (x86)\SecuwaySSL\bin;C:\Users\JKHwang\AppData\Local\Microsoft\WindowsApps;C:\MentorGraphics\9.5PADS\SDD_HOME\common\win32\lib;C:\Users\JKHwang\AppData\Local\GitHubDesktop\bin
USERNAME=JKHwang
OS=Windows_NT
PROCESSOR_IDENTIFIER=Intel64 Family 6 Model 58 Stepping 9, GenuineIntel



---------------  S Y S T E M  ---------------

OS: Windows 10.0 , 64 bit Build 16299 (10.0.16299.431)

CPU:total 8 (initial active 8) (4 cores per cpu, 2 threads per core) family 6 model 58 stepping 9, cmov, cx8, fxsr, mmx, sse, sse2, sse3, ssse3, sse4.1, sse4.2, popcnt, avx, aes, clmul, erms, ht, tsc, tscinvbit, tscinv

Memory: 4k page, physical 16723504k(3884416k free), swap 16723504k(6128k free)

vm_info: OpenJDK 64-Bit Server VM (25.152-b02) for windows-amd64 JRE (1.8.0_152-release-1024-b02), built by "builder" with MS VC++ 10.0 (VS2010)

time: Sat Jul 07 18:50:33 2018
elapsed time: 6 seconds (0d 0h 0m 6s)

